<?xml version="1.0" encoding="UTF-8"?>
<!-- Generated by org.testng.reporters.JUnitReportReporter -->
<testsuite hostname="DESKTOP-LNOB5VR" name="com.crm.TestData.LoginPageUsingRunTimeParameters" tests="1" failures="0" timestamp="28 Mar 2022 11:54:46 GMT" time="147.321" errors="0">
  <testcase name="Loginpage" time="147.321" classname="com.crm.TestData.LoginPageUsingRunTimeParameters"/>
</testsuite> <!-- com.crm.TestData.LoginPageUsingRunTimeParameters -->
